[GIN-debug] [WARNING] Creating an Engine instance with the Logger and Recovery middleware already attached.

[GIN-debug] [WARNING] Running in "debug" mode. Switch to "release" mode in production.
 - using env:	export GIN_MODE=release
 - using code:	gin.SetMode(gin.ReleaseMode)

[GIN-debug] GET    /css/*filepath            --> github.com/gin-gonic/gin.(*RouterGroup).createStaticHandler.func1 (3 handlers)
[GIN-debug] HEAD   /css/*filepath            --> github.com/gin-gonic/gin.(*RouterGroup).createStaticHandler.func1 (3 handlers)
[GIN-debug] Loaded HTML Templates (4): 
	- header.html
	- index.html
	- 
	- footer.html

[GIN-debug] GET    /api/videos               --> main.main.func1 (6 handlers)
[GIN-debug] POST   /api/videos               --> main.main.func2 (6 handlers)
[GIN-debug] GET    /view/videos              --> github.com/eugeniusms/poseidon/controller.VideoController.ShowAll-fm (6 handlers)
[GIN-debug] [WARNING] You trusted all proxies, this is NOT safe. We recommend you to set a value.
Please check https://pkg.go.dev/github.com/gin-gonic/gin#readme-don-t-trust-all-proxies for details.
[GIN-debug] Listening and serving HTTP on :8080
::1 - [16 Feb 23 01:39 WIB] POST /videos 404 68.292µs[GIN] 2023/02/16 - 01:39:42 | 404 |     301.583µs |             ::1 | POST     "/videos"
::1 - [16 Feb 23 01:39 WIB] POST /videos 404 1.625µs[GIN] 2023/02/16 - 01:39:42 | 404 |      51.875µs |             ::1 | POST     "/videos"
::1 - [16 Feb 23 01:39 WIB] POST /videos 404 1.875µs[GIN] 2023/02/16 - 01:39:43 | 404 |      45.416µs |             ::1 | POST     "/videos"
::1 - [16 Feb 23 01:39 WIB] POST /videos 404 1.208µs[GIN] 2023/02/16 - 01:39:44 | 404 |      48.833µs |             ::1 | POST     "/videos"
::1 - [16 Feb 23 01:41 WIB] POST /api/videos 200 374.25µs[GIN] 2023/02/16 - 01:41:02 | 200 |     418.375µs |             ::1 | POST     "/api/videos"
::1 - [16 Feb 23 01:41 WIB] GET /view/videos 200 2.374125ms[GIN] 2023/02/16 - 01:41:26 | 200 |    3.522333ms |             ::1 | GET      "/view/videos"
[GIN] 2023/02/16 - 01:41:27 | 200 |     3.87275ms |             ::1 | GET      "/css/index.css"
::1 - [16 Feb 23 01:41 WIB] GET /favicon.ico 404 7.792µs[GIN] 2023/02/16 - 01:41:31 | 404 |          64µs |             ::1 | GET      "/favicon.ico"
